\BOOKMARK [1][-]{section.1}{Inhaltliche Interpretation der Fragestellung}{}% 1
\BOOKMARK [1][-]{section.2}{Relevante Datenquellen}{}% 2
\BOOKMARK [2][-]{subsection.2.1}{Terrordatenbank der University Maryland}{section.2}% 3
\BOOKMARK [2][-]{subsection.2.2}{Yahoo Finance}{section.2}% 4
\BOOKMARK [2][-]{subsection.2.3}{Sonntagsfrage FORSA}{section.2}% 5
\BOOKMARK [1][-]{section.3}{Vokabular}{}% 6
\BOOKMARK [2][-]{subsection.3.1}{Terroranschlag}{section.3}% 7
\BOOKMARK [2][-]{subsection.3.2}{DAX-Kurs}{section.3}% 8
\BOOKMARK [2][-]{subsection.3.3}{Wahlumfrage}{section.3}% 9
\BOOKMARK [2][-]{subsection.3.4}{Partei}{section.3}% 10
\BOOKMARK [1][-]{section.4}{Extraktion relevanter Daten und Import in einen Triplestore }{}% 11
\BOOKMARK [2][-]{subsection.4.1}{Extraktion Terrordatenbank}{section.4}% 12
\BOOKMARK [2][-]{subsection.4.2}{Extraktion DAX-Kurs}{section.4}% 13
\BOOKMARK [2][-]{subsection.4.3}{Extraktion Wahlumfrage}{section.4}% 14
\BOOKMARK [1][-]{section.5}{Verlinkung von Ressourcen}{}% 15
\BOOKMARK [1][-]{section.6}{Anfrage an die Forschungswissensbasis}{}% 16
\BOOKMARK [2][-]{subsection.6.1}{SPARQL-Anfragen}{section.6}% 17
\BOOKMARK [3][-]{subsubsection.6.1.1}{Terroranschläge in einem bestimmten Zeitraum}{subsection.6.1}% 18
\BOOKMARK [3][-]{subsubsection.6.1.2}{Bestimmter Terroranschlag}{subsection.6.1}% 19
\BOOKMARK [3][-]{subsubsection.6.1.3}{Verknüpfung mit dem DAX-Kurs und der Wahlumfrage}{subsection.6.1}% 20
\BOOKMARK [2][-]{subsection.6.2}{Ergebnis der Anfragen}{section.6}% 21
\BOOKMARK [3][-]{subsubsection.6.2.1}{Ergebnis Abfrage 1}{subsection.6.2}% 22
\BOOKMARK [3][-]{subsubsection.6.2.2}{Ergebnis Abfrage 2}{subsection.6.2}% 23
\BOOKMARK [3][-]{subsubsection.6.2.3}{Ergebnis Abfrage 3}{subsection.6.2}% 24
\BOOKMARK [1][-]{section.7}{Interpretation und Zusammenfassung}{}% 25
\BOOKMARK [1][-]{section.8}{Ausblick}{}% 26
\BOOKMARK [1][-]{appendix.A}{Erstellung des Model}{}% 27
\BOOKMARK [2][-]{subsection.A.1}{Terrormodel}{appendix.A}% 28
\BOOKMARK [2][-]{subsection.A.2}{Stockmodel}{appendix.A}% 29
\BOOKMARK [2][-]{subsection.A.3}{Pollmodel}{appendix.A}% 30
